<?xml version="1.0" encoding="UTF-8"?>
<robot generator="Robot 3.1.2 (Python 3.7.4 on win32)" generated="20200330 19:25:12.840" rpa="false">
<suite id="s1" name="Actitime" source="C:\Users\Ashwini\PycharmProjects\RobotFramewrok\tests\actitime.robot">
<test id="s1-t1" name="HandleDynamicTableUsingForInRange">
<kw name="Run Keyword" library="BuiltIn">
<doc>Executes the given keyword with the given arguments.</doc>
<arguments>
<arg>login</arg>
<arg>${username}</arg>
<arg>${password}</arg>
</arguments>
<kw name="Login" library="ActitimeLibrary">
<arguments>
<arg>${username}</arg>
<arg>${password}</arg>
</arguments>
<status status="PASS" starttime="20200330 19:25:28.823" endtime="20200330 19:25:46.087"></status>
</kw>
<status status="PASS" starttime="20200330 19:25:28.823" endtime="20200330 19:25:46.087"></status>
</kw>
<kw name="Sleep" library="BuiltIn">
<doc>Pauses the test executed for the given time.</doc>
<arguments>
<arg>30s</arg>
</arguments>
<msg timestamp="20200330 19:26:16.143" level="INFO">Slept 30 seconds</msg>
<status status="PASS" starttime="20200330 19:25:46.093" endtime="20200330 19:26:16.143"></status>
</kw>
<kw name="Sleep" library="BuiltIn">
<doc>Pauses the test executed for the given time.</doc>
<arguments>
<arg>2s</arg>
</arguments>
<msg timestamp="20200330 19:26:18.147" level="INFO">Slept 2 seconds</msg>
<status status="PASS" starttime="20200330 19:26:16.143" endtime="20200330 19:26:18.147"></status>
</kw>
<kw name="Sleep" library="BuiltIn">
<doc>Pauses the test executed for the given time.</doc>
<arguments>
<arg>2s</arg>
</arguments>
<msg timestamp="20200330 19:26:20.153" level="INFO">Slept 2 seconds</msg>
<status status="PASS" starttime="20200330 19:26:18.148" endtime="20200330 19:26:20.153"></status>
</kw>
<kw name="Run Keyword" library="BuiltIn">
<doc>Executes the given keyword with the given arguments.</doc>
<arguments>
<arg>DynamicTable</arg>
</arguments>
<kw name="DynamicTable">
<kw name="Get Number Of Rows" library="ActitimeLibrary">
<assign>
<var>${numberOfRows}</var>
</assign>
<msg timestamp="20200330 19:26:20.211" level="INFO">${numberOfRows} = 3</msg>
<status status="PASS" starttime="20200330 19:26:20.153" endtime="20200330 19:26:20.211"></status>
</kw>
<kw name="Convert To Number" library="BuiltIn">
<doc>Converts the given item to a floating point number.</doc>
<arguments>
<arg>${numberOfRows}</arg>
</arguments>
<assign>
<var>${numberOfRows}</var>
</assign>
<msg timestamp="20200330 19:26:20.211" level="INFO">${numberOfRows} = 3.0</msg>
<status status="PASS" starttime="20200330 19:26:20.211" endtime="20200330 19:26:20.211"></status>
</kw>
<kw name="${index} IN RANGE [ 1 | ${numberOfRows}+1 ]" type="for">
<kw name="${index} = 1.0" type="foritem">
<kw name="Catenate" library="BuiltIn">
<doc>Catenates the given items together and returns the resulted string.</doc>
<arguments>
<arg>SEPARATOR=</arg>
<arg>${rows}</arg>
<arg>[</arg>
<arg>${index}</arg>
<arg>]//td[1]/input</arg>
</arguments>
<assign>
<var>${firstCol}</var>
</assign>
<msg timestamp="20200330 19:26:20.272" level="INFO">${firstCol} = //div[3]/div[1]/div[1]/table/tbody/tr[1.0]//td[1]/input</msg>
<status status="PASS" starttime="20200330 19:26:20.272" endtime="20200330 19:26:20.272"></status>
</kw>
<kw name="Input Text" library="SeleniumLibrary">
<doc>Types the given ``text`` into the text field identified by ``locator``.</doc>
<arguments>
<arg>xpath=${firstCol}</arg>
<arg>Documentation</arg>
</arguments>
<msg timestamp="20200330 19:26:20.276" level="INFO">Typing text 'Documentation' into text field 'xpath=//div[3]/div[1]/div[1]/table/tbody/tr[1.0]//td[1]/input'.</msg>
<kw name="Capture Page Screenshot" library="SeleniumLibrary">
<doc>Takes a screenshot of the current page and embeds it into a log file.</doc>
<msg timestamp="20200330 19:26:20.276" level="INFO">Cannot capture screenshot because no browser is open.</msg>
<status status="PASS" starttime="20200330 19:26:20.276" endtime="20200330 19:26:20.276"></status>
</kw>
<msg timestamp="20200330 19:26:20.510" level="FAIL">No browser is open.</msg>
<status status="FAIL" starttime="20200330 19:26:20.276" endtime="20200330 19:26:20.510"></status>
</kw>
<status status="FAIL" starttime="20200330 19:26:20.272" endtime="20200330 19:26:20.510"></status>
</kw>
<status status="FAIL" starttime="20200330 19:26:20.211" endtime="20200330 19:26:20.510"></status>
</kw>
<status status="FAIL" starttime="20200330 19:26:20.153" endtime="20200330 19:26:20.510"></status>
</kw>
<status status="FAIL" starttime="20200330 19:26:20.153" endtime="20200330 19:26:20.510"></status>
</kw>
<status status="FAIL" starttime="20200330 19:25:28.822" endtime="20200330 19:26:20.510" critical="yes">No browser is open.</status>
</test>
<status status="FAIL" starttime="20200330 19:25:12.843" endtime="20200330 19:26:20.588"></status>
</suite>
<statistics>
<total>
<stat pass="0" fail="1">Critical Tests</stat>
<stat pass="0" fail="1">All Tests</stat>
</total>
<tag>
</tag>
<suite>
<stat pass="0" fail="1" id="s1" name="Actitime">Actitime</stat>
</suite>
</statistics>
<errors>
</errors>
</robot>
